2023-03-20 18:17:43.108 [main] INFO  ScientificCalculator - [SQRT] - 4.0
2023-03-20 18:17:43.110 [main] INFO  ScientificCalculator - [RESULT - SQRT] - 2.0
2023-03-20 18:17:43.110 [main] INFO  ScientificCalculator - [SQRT] - 16.0
2023-03-20 18:17:43.111 [main] INFO  ScientificCalculator - [RESULT - SQRT] - 4.0
2023-03-20 18:17:43.116 [main] INFO  ScientificCalculator - [POWER] - 2.0, 3.0
2023-03-20 18:17:43.117 [main] INFO  ScientificCalculator - [RESULT - POWER] - 8.0
2023-03-20 18:17:43.117 [main] INFO  ScientificCalculator - [POWER] - 5.0, 2.0
2023-03-20 18:17:43.117 [main] INFO  ScientificCalculator - [RESULT - POWER] - 25.0
2023-03-20 18:17:43.117 [main] INFO  ScientificCalculator - [FACTORIAL] - 3
2023-03-20 18:17:43.120 [main] INFO  ScientificCalculator - [RESULT - FACTORIAL] - 6
2023-03-20 18:17:43.121 [main] INFO  ScientificCalculator - [FACTORIAL] - 5
2023-03-20 18:17:43.121 [main] INFO  ScientificCalculator - [RESULT - FACTORIAL] - 120
2023-03-20 18:17:43.121 [main] INFO  ScientificCalculator - [LOG] - 7.389
2023-03-20 18:17:43.122 [main] INFO  ScientificCalculator - [RESULT - LOG] - 1.9999924078065106
2023-03-20 18:17:43.122 [main] INFO  ScientificCalculator - [LOG] - 25.0
2023-03-20 18:17:43.122 [main] INFO  ScientificCalculator - [RESULT - LOG] - 3.2188758248682006
2023-03-20 18:18:32.134 [main] INFO  ScientificCalculator - [SQRT] - 4.0
2023-03-20 18:18:32.135 [main] INFO  ScientificCalculator - [RESULT - SQRT] - 2.0
2023-03-20 18:18:32.136 [main] INFO  ScientificCalculator - [SQRT] - 16.0
2023-03-20 18:18:32.136 [main] INFO  ScientificCalculator - [RESULT - SQRT] - 4.0
2023-03-20 18:18:32.141 [main] INFO  ScientificCalculator - [POWER] - 2.0, 3.0
2023-03-20 18:18:32.141 [main] INFO  ScientificCalculator - [RESULT - POWER] - 8.0
2023-03-20 18:18:32.141 [main] INFO  ScientificCalculator - [POWER] - 5.0, 2.0
2023-03-20 18:18:32.142 [main] INFO  ScientificCalculator - [RESULT - POWER] - 25.0
2023-03-20 18:18:32.142 [main] INFO  ScientificCalculator - [FACTORIAL] - 3
2023-03-20 18:18:32.144 [main] INFO  ScientificCalculator - [RESULT - FACTORIAL] - 6
2023-03-20 18:18:32.145 [main] INFO  ScientificCalculator - [FACTORIAL] - 5
2023-03-20 18:18:32.145 [main] INFO  ScientificCalculator - [RESULT - FACTORIAL] - 120
2023-03-20 18:18:32.145 [main] INFO  ScientificCalculator - [LOG] - 7.389
2023-03-20 18:18:32.146 [main] INFO  ScientificCalculator - [RESULT - LOG] - 1.9999924078065106
2023-03-20 18:18:32.146 [main] INFO  ScientificCalculator - [LOG] - 25.0
2023-03-20 18:18:32.146 [main] INFO  ScientificCalculator - [RESULT - LOG] - 3.2188758248682006
